<?xml version="1.0" encoding="UTF-8"?>
<testsuite name="ru.atom.list.CustomLinkedListTest" tests="5" skipped="5" failures="0" errors="0" timestamp="2017-05-23T05:47:44" hostname="ilysko" time="0.002">
  <properties/>
  <testcase name="containsTest" classname="ru.atom.list.CustomLinkedListTest" time="0.0">
    <skipped/>
  </testcase>
  <testcase name="addAll" classname="ru.atom.list.CustomLinkedListTest" time="0.0">
    <skipped/>
  </testcase>
  <testcase name="forEachTest" classname="ru.atom.list.CustomLinkedListTest" time="0.0">
    <skipped/>
  </testcase>
  <testcase name="sizeTest" classname="ru.atom.list.CustomLinkedListTest" time="0.0">
    <skipped/>
  </testcase>
  <testcase name="removeTest" classname="ru.atom.list.CustomLinkedListTest" time="0.001">
    <skipped/>
  </testcase>
  <system-out><![CDATA[]]></system-out>
  <system-err><![CDATA[]]></system-err>
</testsuite>
