<?xml version="1.0" encoding="UTF-8"?>
<testsuite name="ru.atom.exception.ArrayListTest" tests="1" skipped="0" failures="0" errors="0" timestamp="2017-05-23T05:47:44" hostname="ilysko" time="0.004">
  <properties/>
  <testcase name="testSimpleHandle" classname="ru.atom.exception.ArrayListTest" time="0.004"/>
  <system-out><![CDATA[]]></system-out>
  <system-err><![CDATA[]]></system-err>
</testsuite>
