<?xml version="1.0" encoding="UTF-8"?>
<testsuite name="ru.atom.lecture07.server.dao.UserDaoTest" tests="3" skipped="3" failures="0" errors="0" timestamp="2017-05-23T05:48:00" hostname="ilysko" time="0.001">
  <properties/>
  <testcase name="findWhereTest" classname="ru.atom.lecture07.server.dao.UserDaoTest" time="0.0">
    <skipped/>
  </testcase>
  <testcase name="getAllTest" classname="ru.atom.lecture07.server.dao.UserDaoTest" time="0.001">
    <skipped/>
  </testcase>
  <testcase name="insertTest" classname="ru.atom.lecture07.server.dao.UserDaoTest" time="0.0">
    <skipped/>
  </testcase>
  <system-out><![CDATA[]]></system-out>
  <system-err><![CDATA[]]></system-err>
</testsuite>
