<?xml version="1.0" encoding="UTF-8"?>
<testsuite name="ru.atom.lecture09.io.CharacterStreams" tests="2" skipped="0" failures="0" errors="0" timestamp="2017-05-23T05:48:03" hostname="ilysko" time="0.001">
  <properties/>
  <testcase name="writeFile" classname="ru.atom.lecture09.io.CharacterStreams" time="0.001"/>
  <testcase name="readFile" classname="ru.atom.lecture09.io.CharacterStreams" time="0.0"/>
  <system-out><![CDATA[The first line by writerThe second line by writer
]]></system-out>
  <system-err><![CDATA[]]></system-err>
</testsuite>
