<?xml version="1.0" encoding="UTF-8"?>
<testsuite name="ru.atom.lecture09.reflection.ReflectionExamples" tests="2" skipped="0" failures="0" errors="0" timestamp="2017-05-23T05:48:03" hostname="ilysko" time="0.007">
  <properties/>
  <testcase name="introspection" classname="ru.atom.lecture09.reflection.ReflectionExamples" time="0.004"/>
  <testcase name="changePrivateFinalField" classname="ru.atom.lecture09.reflection.ReflectionExamples" time="0.003"/>
  <system-out><![CDATA[Class:
class ru.atom.lecture09.reflection.ClassToIntrospect
ClassLoader:
sun.misc.Launcher$AppClassLoader@73d16e93
Declared Constructors:
[public ru.atom.lecture09.reflection.ClassToIntrospect(int), public ru.atom.lecture09.reflection.ClassToIntrospect()]
Declared Fields:
[private static final java.lang.String ru.atom.lecture09.reflection.ClassToIntrospect.STATIC_FIELD, private final java.lang.String ru.atom.lecture09.reflection.ClassToIntrospect.stringField, int ru.atom.lecture09.reflection.ClassToIntrospect.intField, private static final transient boolean[] ru.atom.lecture09.reflection.ClassToIntrospect.$jacocoData]
Declared Methods:
[private void ru.atom.lecture09.reflection.ClassToIntrospect.privateMethod(), public java.lang.Object ru.atom.lecture09.reflection.ClassToIntrospect.genericMethod(), public void ru.atom.lecture09.reflection.ClassToIntrospect.methodWithException() throws java.lang.Exception, private static boolean[] ru.atom.lecture09.reflection.ClassToIntrospect.$jacocoInit()]
Declared Annotations:
[@ru.atom.lecture09.reflection.RuntimeAnnotation()]
]]></system-out>
  <system-err><![CDATA[]]></system-err>
</testsuite>
