<?xml version="1.0" encoding="UTF-8"?>
<testsuite name="ru.atom.lecture09.io.ByteStreams" tests="3" skipped="0" failures="0" errors="0" timestamp="2017-05-23T05:48:03" hostname="ilysko" time="0.001">
  <properties/>
  <testcase name="fileReadWrite" classname="ru.atom.lecture09.io.ByteStreams" time="0.001"/>
  <testcase name="fileWrite" classname="ru.atom.lecture09.io.ByteStreams" time="0.0"/>
  <testcase name="fileRead" classname="ru.atom.lecture09.io.ByteStreams" time="0.0"/>
  <system-out><![CDATA[To be or not to be]]></system-out>
  <system-err><![CDATA[]]></system-err>
</testsuite>
