<?xml version="1.0" encoding="UTF-8"?>
<testsuite name="ru.atom.HelloWorldTest" tests="1" skipped="0" failures="0" errors="0" timestamp="2017-05-23T05:47:41" hostname="ilysko" time="0.007">
  <properties/>
  <testcase name="getHelloWorld" classname="ru.atom.HelloWorldTest" time="0.007"/>
  <system-out><![CDATA[]]></system-out>
  <system-err><![CDATA[]]></system-err>
</testsuite>
