<?xml version="1.0" encoding="UTF-8"?>
<testsuite name="ru.atom.annotation.AnnotationDemoTest" tests="3" skipped="3" failures="0" errors="0" timestamp="2017-05-23T05:47:48" hostname="ilysko" time="0.001">
  <properties/>
  <testcase name="countOverride" classname="ru.atom.annotation.AnnotationDemoTest" time="0.0">
    <skipped/>
  </testcase>
  <testcase name="countGet" classname="ru.atom.annotation.AnnotationDemoTest" time="0.0">
    <skipped/>
  </testcase>
  <testcase name="countPost" classname="ru.atom.annotation.AnnotationDemoTest" time="0.0">
    <skipped/>
  </testcase>
  <system-out><![CDATA[]]></system-out>
  <system-err><![CDATA[]]></system-err>
</testsuite>
