<?xml version="1.0" encoding="UTF-8"?>
<testsuite name="ru.atom.thread.join.BombTest" tests="2" skipped="2" failures="0" errors="0" timestamp="2017-05-23T05:47:59" hostname="ilysko" time="0.0">
  <properties/>
  <testcase name="boom" classname="ru.atom.thread.join.BombTest" time="0.0">
    <skipped/>
  </testcase>
  <testcase name="lifeIsTooShortToWait" classname="ru.atom.thread.join.BombTest" time="0.0">
    <skipped/>
  </testcase>
  <system-out><![CDATA[]]></system-out>
  <system-err><![CDATA[]]></system-err>
</testsuite>
