<?xml version="1.0" encoding="UTF-8"?>
<testsuite name="ru.atom.enums.GenderTest" tests="1" skipped="0" failures="0" errors="0" timestamp="2017-05-23T05:47:43" hostname="ilysko" time="0.011">
  <properties/>
  <testcase name="isLegal" classname="ru.atom.enums.GenderTest" time="0.011"/>
  <system-out><![CDATA[]]></system-out>
  <system-err><![CDATA[]]></system-err>
</testsuite>
