<?xml version="1.0" encoding="UTF-8"?>
<testsuite name="ru.atom.geometry.PointPointCollisionTest" tests="6" skipped="6" failures="0" errors="0" timestamp="2017-05-23T05:47:43" hostname="ilysko" time="0.003">
  <properties/>
  <testcase name="pointsNotCollide1" classname="ru.atom.geometry.PointPointCollisionTest" time="0.0">
    <skipped/>
  </testcase>
  <testcase name="pointsNotCollide2" classname="ru.atom.geometry.PointPointCollisionTest" time="0.0">
    <skipped/>
  </testcase>
  <testcase name="pointsNotCollide3" classname="ru.atom.geometry.PointPointCollisionTest" time="0.0">
    <skipped/>
  </testcase>
  <testcase name="equalPointsCollide" classname="ru.atom.geometry.PointPointCollisionTest" time="0.001">
    <skipped/>
  </testcase>
  <testcase name="pointsEquals" classname="ru.atom.geometry.PointPointCollisionTest" time="0.0">
    <skipped/>
  </testcase>
  <testcase name="pointSelfCollide" classname="ru.atom.geometry.PointPointCollisionTest" time="0.0">
    <skipped/>
  </testcase>
  <system-out><![CDATA[]]></system-out>
  <system-err><![CDATA[]]></system-err>
</testsuite>
