<?xml version="1.0" encoding="UTF-8"?>
<testsuite name="ru.atom.message.example1.TitledMessageTest" tests="1" skipped="0" failures="0" errors="0" timestamp="2017-05-23T05:47:43" hostname="ilysko" time="0.003">
  <properties/>
  <testcase name="instance" classname="ru.atom.message.example1.TitledMessageTest" time="0.003"/>
  <system-out><![CDATA[]]></system-out>
  <system-err><![CDATA[]]></system-err>
</testsuite>
