<?xml version="1.0" encoding="UTF-8"?>
<testsuite name="ru.atom.geometry.BarPointCollisionTest" tests="6" skipped="6" failures="0" errors="0" timestamp="2017-05-23T05:47:43" hostname="ilysko" time="0.002">
  <properties/>
  <testcase name="pointOnCornerOfBar" classname="ru.atom.geometry.BarPointCollisionTest" time="0.0">
    <skipped/>
  </testcase>
  <testcase name="pointOutsideOfBar1" classname="ru.atom.geometry.BarPointCollisionTest" time="0.001">
    <skipped/>
  </testcase>
  <testcase name="pointOutsideOfBar2" classname="ru.atom.geometry.BarPointCollisionTest" time="0.0">
    <skipped/>
  </testcase>
  <testcase name="pointOutsideOfBar3" classname="ru.atom.geometry.BarPointCollisionTest" time="0.0">
    <skipped/>
  </testcase>
  <testcase name="pointOnBorderOfBar" classname="ru.atom.geometry.BarPointCollisionTest" time="0.0">
    <skipped/>
  </testcase>
  <testcase name="pointInsideBar" classname="ru.atom.geometry.BarPointCollisionTest" time="0.0">
    <skipped/>
  </testcase>
  <system-out><![CDATA[]]></system-out>
  <system-err><![CDATA[]]></system-err>
</testsuite>
