<?xml version="1.0" encoding="UTF-8"?>
<testsuite name="ru.atom.cache.ContactListCacheTest" tests="2" skipped="2" failures="0" errors="0" timestamp="2017-05-23T05:47:47" hostname="ilysko" time="0.001">
  <properties/>
  <testcase name="cache1" classname="ru.atom.cache.ContactListCacheTest" time="0.0">
    <skipped/>
  </testcase>
  <testcase name="cache1000" classname="ru.atom.cache.ContactListCacheTest" time="0.0">
    <skipped/>
  </testcase>
  <system-out><![CDATA[]]></system-out>
  <system-err><![CDATA[]]></system-err>
</testsuite>
